build/app/outputs/mapping/release/seeds.txt
com.example.companions_web.MainActivity
com.example.companions_web.MainActivity: MainActivity()
...
com.google.firestore.v1.BatchGetDocumentsRequest: int consistencySelectorCase_
com.google.firestore.v1.BatchGetDocumentsRequest: int READ_TIME_FIELD_NUMBER
androidx.lifecycle.Lifecycle$Event: androidx.lifecycle.Lifecycle$Event ON_RESUME
io.flutter.view.FlutterCallbackInformation: java.lang.String callbackName
io.flutter.embedding.android.FlutterView
org.xmlpull.v1.XmlPullParser: int getEventType()
com.google.protobuf.Any: com.google.protobuf.ByteString value_
io.grpc.internal.ManagedChannelImpl$ResolutionState: io.grpc.internal.ManagedChannelImpl$ResolutionState valueOf(java.lang.String)
io.flutter.embedding.engine.FlutterJNI: void dispatchSemanticsAction(int,io.flutter.view.AccessibilityBridge$Action,java.lang.Object)
com.google.type.LatLng: double latitude_
com.google.firebase.auth.api.fallback.service.FirebaseAuthFallbackService: FirebaseAuthFallbackService()
io.flutter.embedding.engine.FlutterJNI: java.util.Set engineLifecycleListeners
com.google.android.gms.measurement.AppMeasurementJobService
com.google.android.gms.internal.measurement.zzck$zzb: com.google.android.gms.internal.measurement.zzck$zzb zzf
androidx.savedstate.SavedStateRegistry$1
com.google.firestore.v1.Target$DocumentsTarget: int DOCUMENTS_FIELD_NUMBER
com.google.common.util.concurrent.DirectExecutor: com.google.common.util.concurrent.DirectExecutor[] values()
io.grpc.internal.GrpcUtil$Http2Error: io.grpc.internal.GrpcUtil$Http2Error valueOf(java.lang.String)
com.google.firestore.v1.ListenResponse: int DOCUMENT_DELETE_FIELD_NUMBER
io.flutter.embedding.android.FlutterSplashView$SavedState: android.os.Bundle access$700(io.flutter.embedding.android.FlutterSplashView$SavedState)
org.xmlpull.v1.XmlPullParser: boolean isAttributeDefault(int)
com.google.firebase.firestore.util.Logger$Level: com.google.firebase.firestore.util.Logger$Level[] values()
io.grpc.okhttp.internal.framed.ErrorCode: io.grpc.okhttp.internal.framed.ErrorCode[] values()
com.google.android.gms.internal.firebase-auth-api.zzhw: com.google.android.gms.internal.firebase-auth-api.zzhw zzi
com.google.firestore.v1.TransactionOptions: int modeCase_
com.google.android.gms.measurement.internal.AppMeasurementDynamiteService: void clearMeasurementEnabled(long)
androidx.test.annotation.Beta
com.google.android.gms.measurement.internal.AppMeasurementDynamiteService: void onActivityDestroyed(com.google.android.gms.dynamic.IObjectWrapper,long)
com.google.android.gms.internal.measurement.zzcd$zzk: com.google.android.gms.internal.measurement.zzcd$zzk zzj
com.google.android.gms.internal.measurement.zzcd$zzg: java.lang.String zzaf
androidx.lifecycle.Lifecycle$Event: androidx.lifecycle.Lifecycle$Event ON_DESTROY
io.flutter.embedding.engine.mutatorsstack.FlutterMutatorsStack: java.util.List getMutators()
com.google.protobuf.Timestamp: com.google.protobuf.Timestamp DEFAULT_INSTANCE
com.google.android.gms.internal.firebase-auth-api.zzho: java.lang.String zzb
com.google.android.gms.internal.measurement.zzcd$zzg: java.lang.String zzo
com.google.firestore.v1.TargetChange$TargetChangeType: com.google.firestore.v1.TargetChange$TargetChangeType[] values()
com.google.android.gms.internal.measurement.zzcd$zzg: int zzc
com.google.firestore.v1.Target: com.google.protobuf.Parser PARSER
com.google.android.gms.internal.firebase-auth-api.zzes: com.google.android.gms.internal.firebase-auth-api.zzes zzg
com.google.protobuf.Any: int VALUE_FIELD_NUMBER
com.google.android.gms.internal.measurement.zzbv$zzd: java.lang.String zzg
com.google.android.gms.measurement.internal.zzz: android.os.Parcelable$Creator CREATOR
io.grpc.okhttp.internal.Protocol: io.grpc.okhttp.internal.Protocol[] values()
io.flutter.embedding.engine.FlutterJNI: void onRenderingStopped()
com.google.firebase.analytics.FirebaseAnalytics: com.google.android.gms.measurement.internal.zzia getScionFrontendApiImplementation(android.content.Context,android.os.Bundle)