build/app/outputs/mapping/release/mapping.txt
# compiler: R8
# compiler_version: 2.1.62
# min_api: 21
# pg_map_id: f4dce89
# common_typos_disable
...
com.google.android.gms.internal.measurement.zzey -> b.a.a.a.f.f.c4:
    java.lang.Object[] zza -> c
    int zza(java.lang.Object[],int) -> c
    com.google.android.gms.internal.measurement.zzfx zza() -> d
    java.lang.Object[] zzb() -> e
    int zzc() -> f
    int zzd() -> i
    com.google.android.gms.internal.measurement.zzfb zze() -> k
    boolean zzf() -> l
com.google.android.gms.internal.measurement.zzez -> b.a.a.a.f.f.d4:
    int zza(int) -> a
    int zza(java.lang.Object) -> b
com.google.android.gms.internal.measurement.zzf -> b.a.a.a.f.f.e4:
    android.os.Bundle zza(android.os.Bundle) -> g
com.google.android.gms.internal.measurement.zzfa -> b.a.a.a.f.f.f4:
    com.google.android.gms.internal.measurement.zzfb zza -> e
    java.lang.Object zza(int) -> c
com.google.android.gms.internal.measurement.zzfb -> b.a.a.a.f.f.g4:
    com.google.android.gms.internal.measurement.zzfw zza -> d
    int zza(java.lang.Object[],int) -> c
    com.google.android.gms.internal.measurement.zzfx zza() -> d
    com.google.android.gms.internal.measurement.zzfb zze() -> k
    com.google.android.gms.internal.measurement.zzfb zza(int,int) -> m
    com.google.android.gms.internal.measurement.zzfb zza(java.lang.Object) -> o
    com.google.android.gms.internal.measurement.zzfb zza(java.lang.Object[]) -> p
    com.google.android.gms.internal.measurement.zzfb zzb(java.lang.Object[],int) -> q
    com.google.android.gms.internal.measurement.zzfb zzg() -> r
com.google.android.gms.internal.measurement.zzfc -> b.a.a.a.f.f.h4:
    com.google.android.gms.internal.measurement.zzey zzd -> e
    com.google.android.gms.internal.measurement.zzfg zzc -> d
    com.google.android.gms.internal.measurement.zzfg zzb -> c
    com.google.android.gms.internal.measurement.zzfg zza() -> a
    com.google.android.gms.internal.measurement.zzfg zzb() -> b
    com.google.android.gms.internal.measurement.zzey zzc() -> c
com.google.android.gms.internal.measurement.zzfd -> b.a.a.a.f.f.i4:
    int zzb -> f
    int zza -> e
    com.google.android.gms.internal.measurement.zzfb zzc -> g
    java.lang.Object[] zzb() -> e
    int zzc() -> f
    int zzd() -> i
    boolean zzf() -> l
    com.google.android.gms.internal.measurement.zzfb zza(int,int) -> m
com.google.android.gms.internal.measurement.zzfe -> b.a.a.a.f.f.j4:
    com.google.android.gms.internal.measurement.zzfc zza -> c
    java.util.Map zza() -> a
    boolean zza(java.lang.Object) -> b
com.google.android.gms.internal.measurement.zzff -> b.a.a.a.f.f.k4:
    java.lang.Object[] zza -> a
    int zzb -> b
com.google.android.gms.internal.measurement.zzfg -> b.a.a.a.f.f.l4:
    com.google.android.gms.internal.measurement.zzfb zza -> d
    com.google.android.gms.internal.measurement.zzfb zze() -> k
    int zza(int) -> m
    boolean zzg() -> o
    com.google.android.gms.internal.measurement.zzfb zzh() -> p
com.google.android.gms.internal.measurement.zzfh -> b.a.a.a.f.f.m4:
    java.util.Map zza -> a
com.google.android.gms.internal.measurement.zzfi -> b.a.a.a.f.f.n4:
    com.google.android.gms.internal.measurement.zzfj zza() -> a
com.google.android.gms.internal.measurement.zzfj -> b.a.a.a.f.f.o4:
com.google.android.gms.internal.measurement.zzfk -> b.a.a.a.f.f.p4:
    java.util.Map zza() -> a
com.google.android.gms.internal.measurement.zzfl -> b.a.a.a.f.f.q4:
    java.lang.Object zzb -> d
    boolean zza -> c
com.google.android.gms.internal.measurement.zzfm -> b.a.a.a.f.f.r4:
    java.lang.Object[] zzb -> e
    int zzc -> f
    com.google.android.gms.internal.measurement.zzfb zza -> g
    int zza(java.lang.Object[],int) -> c
    java.lang.Object[] zzb() -> e
    int zzc() -> f
    int zzd() -> i
    boolean zzf() -> l
com.google.android.gms.internal.measurement.zzfn -> b.a.a.a.f.f.s4:
    java.lang.Object zza(java.lang.Object,int) -> a