build/app/outputs/mapping/release/usage.txt
com.example.companions_web.R$dimen
com.example.companions_web.R$styleable
com.example.companions_web.R$attr
com.example.companions_web.R$style
com.example.companions_web.R$mipmap
com.example.companions_web.R$color
com.example.companions_web.R
com.example.companions_web.R$layout
com.example.companions_web.R$id
com.example.companions_web.R$string
com.example.companions_web.R$integer
com.example.companions_web.R$xml
com.example.companions_web.BuildConfig
com.example.companions_web.R$drawable
...
io.grpc.internal.RetriableStream$1MessageCompressionEntry
com.google.android.gms.measurement.internal.zzig:
    public static java.lang.Object zza(java.lang.Object)
com.google.type.PostalAddress
com.google.common.collect.ImmutableMapKeySet
com.google.protobuf.ListValue$Builder
androidx.test.internal.statement.UiThreadStatement$1
com.squareup.okhttp.Address
androidx.customview.R$id
androidx.core.view.ViewCompat$FocusRelativeDirection
kotlin.reflect.KProperty$DefaultImpls
androidx.test.espresso.matcher.ViewMatchers$IsFocusableMatcher
com.google.api.Distribution$BucketOptions$OptionsCase
com.google.android.gms.common.util.Strings:
    private void <init>()
kotlin.collections.ArraysKt___ArraysKt$withIndex$1
com.google.protobuf.CodedInputStream$IterableDirectByteBufferDecoder
com.google.common.base.CharMatcher$JavaDigit
com.google.firebase.database.collection.R$color
com.google.api.Context$1
junit.runner.TestRunListener
com.google.common.util.concurrent.Futures$1
com.google.android.gms.common.api.Status:
    public final void startResolutionForResult(android.app.Activity,int)
    public final boolean isCanceled()
    public final boolean isInterrupted()
    public final android.app.PendingIntent getResolution()
com.google.common.base.FinalizableWeakReference
io.grpc.internal.ReadableBuffers:
    public static io.grpc.internal.ReadableBuffer empty()
    public static io.grpc.internal.ReadableBuffer wrap(byte[])
    public static io.grpc.internal.ReadableBuffer wrap(java.nio.ByteBuffer)
    public static java.lang.String readAsStringUtf8(io.grpc.internal.ReadableBuffer)
    private void <init>()
com.google.android.gms.internal.common.zzd:
    public static void zzb(android.os.Parcel,android.os.Parcelable)
com.google.common.collect.Lists$Partition
com.google.firebase.database.core.utilities.tuple.NodeAndPath
com.google.android.gms.common.server.response.FastJsonResponse$FieldConverter
org.junit.validator.ValidateWith
org.junit.internal.runners.rules.RuleMemberValidator$RuleValidator
kotlin.jvm.Throws
androidx.test.espresso.core.internal.deps.guava.base.Objects
com.google.firebase.firestore.local.LocalDocumentsView:
    com.google.firebase.firestore.local.RemoteDocumentCache getRemoteDocumentCache()
    com.google.firebase.firestore.local.MutationQueue getMutationQueue()
    com.google.firebase.firestore.local.IndexManager getIndexManager()
com.google.gson.internal.bind.TypeAdapters
com.google.common.util.concurrent.AbstractListeningExecutorService
kotlin.io.FilesKt__UtilsKt$copyRecursively$1
org.hamcrest.SelfDescribing
com.google.common.collect.Tables$TransformedTable$1
androidx.test.internal.runner.TestExecutor$1
com.google.android.gms.common.images.zae
com.google.protobuf.DescriptorProtos
com.google.firebase.firestore.proto.TargetOrBuilder
com.google.firebase.auth.PhoneMultiFactorInfo:
    public java.lang.String getFactorId()
kotlin.ranges.RangesKt
org.junit.BeforeClass
androidx.test.internal.util.LogUtil$$Lambda$0
com.google.android.gms.safetynet.SafetyNetApi$SafeBrowsingResult
com.google.common.collect.ImmutableClassToInstanceMap$Builder
com.google.common.hash.BloomFilter$SerialForm
com.google.protobuf.EnumOrBuilder
com.google.common.collect.Iterators$3
androidx.test.espresso.base.ThreadPoolExecutorExtractor$5
kotlin.sequences.SequencesKt___SequencesKt$zip$1
com.google.android.gms.common.server.response.SafeParcelResponse
com.google.common.math.LinearTransformation
io.grpc.okhttp.internal.framed.Hpack$Writer:
    private void adjustDynamicTableByteCount()
    int maxDynamicTableByteCount()
    void resizeHeaderTable(int)
com.google.common.collect.Maps$KeySet
io.grpc.internal.AbstractClientStream$GetFramer:
    public void dispose()
    public io.grpc.internal.Framer setMessageCompression(boolean)
com.google.firebase.installations.remote.InstallationResponse:
    public abstract com.google.firebase.installations.remote.InstallationResponse$Builder toBuilder()
com.google.firestore.v1.ListCollectionIdsResponse$Builder